83c8b53 LOCAL-1 Add one of these readme.md files for sic.bparser.
bba5193 LOCAL-1 Commit some hdl example I once wrote...
12491a2 LOCAL-1 sice: add some stuff that failed.
228347f LOCAL-1 sice bitset: Avoid code duplication and hope that compiler optimizes this.
db4ece7 LOCAL-1 work on sice bitset.
47b8071 LOCAL-1 add sice bitset.
ec80a4e LOCAL-1 add sice bitset.
b3a6e4a LOCAL-1 Add SIC runtime environment.
4807c9b LOCAL-1 Add SIC runtime environment.
ea2de6f LOCAL-1 Add SIC runtime environment.
c4d017f LOCAL-1 Add SIC runtime environment.
3369013 LOCAL-1 some time ago I wrote some wiring conventions... but they might not make sense.
2f3fea4 LOCAL-1 Start a CHDL grammar.
0a2375a LOCAL-1 some more SIC.HDL drafts.
3c1fc6f LOCAL-1 Add to sic.hdl draft.
b6ed17f LOCAL-1 Re-designing hardware description language.
6f725bb LOCAL-1 sic.functional: Relaxing grammar of compound statments (shouldn't introduce ambiguities - they already existed).
b851e35 LOCAL-1 Trying to design a functional language.
4474eab LOCAL-1 Draft some stuff.
921321a LOCAL-1 stuff...
60689c5 LOCAL-1 Adapt sicc yacc/lex sources to new package names.
1f57fa5 LOCAL-1 scopes: RestrictedAccessRights.
fcf6cb2 LOCAL-1 stash (sickday)
9a1f188 LOCAL-1 Add reasons for more fine graned access rights.
fefa5d7 LOCAL-1 working on scopes.
1010599 LOCAL-1 working on scopes. Only use the full name of a scope to identify it, because of partial scopes.
940644e LOCAL-1 working on scopes. (Might need correction.)
3607052 LOCAL-1 Working on scopes.
50ec4d1 LOCAL-1 Working on scopes. Went into wrong direction.
ba52d0e LOCAL-1 Drafting stuff concerning protection of overloads and class specialization.
e9fc460 LOCAL-1 Just some idea which doesn't work out entirely. reference register coloring.
c3fc384 LOCAL-1 Drafts to access rights/permission/levels and final namespaces.
de8a8f3 LOCAL-1 Working on scopes.
1bc28ec LOCAL-1 Working on new typelib and scopes.
9dba2da LOCAL-1 Create package c (for compiler) to avoid confusion. Actually the toplevel package should be called sic now.
c3eb235 LOCAL-1 Import all MPCC and CTYPELIB code and documents.
a8a1778 LOCAL-1 Move archiving (sicc.ar) code from eclipse directory to code directories.
4534e80 LOCAL-1 stuff
166fe3c LOCAL-1 Working on packages.
c82988f LOCAL-1 Use LimitedCountingInputStream in ArMultiFileInputStream. Expecting faster skip (not sure).
2a64a45 LOCAL-1 Working on packages.
2ab3f43 LOCAL-1 Add one more archive test file.
74d9d89 LOCAL-1 Work on archives.
2dd1a56 LOCAL-1 Add archive code for packages.
f3d441a LOCAL-1 Drafting parsing stages.
1340912 LOCAL-1 Drafting sicc stuff.
02d1b69 LOCAL-1 Drafting sicc stuff.
2c91617 LOCAL-1 drafts
2d2a927 LOCAL-1 Work on command line parser contructors.
615e06e LOCAL-1 Re-draft sicc stuff (method overload/override).
8408ce4 LOCAL-1 Work on dodl command line constructors (note: code duplication).
77a2eed LOCAL-1 Work on dodl command line parsing.
514bc14 LOCAL-1 Work on dodl command line reader.
209d5ad LOCAL-1 First commit from 64-bit linux.
79f8c80 LOCAL-1 drafting around.
b5f4939 LOCAL-1 Read command line attributes.
c80fe09 LOCAL-1 Working on dodl command line parser...
ddc1176 LOCAL-1 Move diag code.
cba19c3 LOCAL-1 Move diag code.
3702169 LOCAL-1 Add diagnostic message package
f99902b LOCAL-1 Generate dodl command line parser java files (doesn't compile yet)
0d1bff7 LOCAL-1 Dodling on command line...
953624c LOCAL-1 Dodling around on the command line parser.
7b1867a LOCAL-1 Add jutil (and doml around a bit)
3def2ec LOCAL-1 Get basic dodl reflections test running.
40d2960 LOCAL-1 Add a script that links all files of a directory to an eclipse project.
6c49c3d LOCAL-1 Add dodl source
feffa13 LOCAL-1 Restructure bparser
260983c LOCAL-1 Restructure bparser...
d6cc728 LOCAL-1 Fix project paths.
e756827 LOCAL-1 Add bparser project.
b331d57 Add some drafts
f262b22 Third test commit.
0687f76 Second test commit.
790e4c5 initial test commit
